<?xml version="1.0" encoding="UTF-8"?>
<testng-results skipped="0" failed="0" total="1" passed="1">
  <reporter-output>
  </reporter-output>
  <suite name="com.gladmind.NewTest" duration-ms="8779" started-at="2018-04-24T04:21:24Z" finished-at="2018-04-24T04:21:33Z">
    <groups>
    </groups>
    <test name="Command line test" duration-ms="8779" started-at="2018-04-24T04:21:24Z" finished-at="2018-04-24T04:21:33Z">
      <class name="com.gladmind.NewTest">
        <test-method status="PASS" signature="beforeTest()[pri:0, instance:com.gladmind.NewTest@39fb3ab6]" name="beforeTest" is-config="true" duration-ms="3339" started-at="2018-04-24T09:51:24Z" finished-at="2018-04-24T09:51:28Z">
          <reporter-output>
          </reporter-output>
        </test-method> <!-- beforeTest -->
        <test-method status="PASS" signature="testEasy()[pri:0, instance:com.gladmind.NewTest@39fb3ab6]" name="testEasy" duration-ms="4660" started-at="2018-04-24T09:51:28Z" finished-at="2018-04-24T09:51:32Z">
          <reporter-output>
          </reporter-output>
        </test-method> <!-- testEasy -->
        <test-method status="PASS" signature="afterTest()[pri:0, instance:com.gladmind.NewTest@39fb3ab6]" name="afterTest" is-config="true" duration-ms="763" started-at="2018-04-24T09:51:32Z" finished-at="2018-04-24T09:51:33Z">
          <reporter-output>
          </reporter-output>
        </test-method> <!-- afterTest -->
      </class> <!-- com.gladmind.NewTest -->
    </test> <!-- Command line test -->
  </suite> <!-- com.gladmind.NewTest -->
</testng-results>
